<?xml version="1.0" encoding="UTF-8"?>
<!-- Generated by org.testng.reporters.JUnitXMLReporter -->
<testsuite hostname="Notebook10" ignored="0" name="Free CRM App test cases" tests="11" failures="0" timestamp="19 Aug 2018 12:54:56 GMT" time="328.194" errors="0">
  <testcase name="verifyContactsPageLabel" time="0.114" classname="com.crm.qa.testcases.ContactsPageTest"/>
  <testcase name="verifyHomePageTitleTest" time="0.015" classname="com.crm.qa.testcases.HomePageTest"/>
  <testcase name="LOginPageTitleTest" time="0.008" classname="com.crm.qa.testcases.LoginPageTest"/>
  <testcase name="SelectContactsTest" time="0.034" classname="com.crm.qa.testcases.ContactsPageTest"/>
  <testcase name="verifyUserNameTest" time="0.075" classname="com.crm.qa.testcases.HomePageTest"/>
  <testcase name="CrmLogoImageTest" time="0.086" classname="com.crm.qa.testcases.LoginPageTest"/>
  <testcase name="validateCreateNewContact" time="4.932" classname="com.crm.qa.testcases.ContactsPageTest"/>
  <testcase name="validateCreateNewContact" time="3.82" classname="com.crm.qa.testcases.ContactsPageTest"/>
  <testcase name="validateCreateNewContact" time="3.901" classname="com.crm.qa.testcases.ContactsPageTest"/>
  <testcase name="verifyContactsLinkTest" time="1.312" classname="com.crm.qa.testcases.HomePageTest"/>
  <testcase name="LoginTest" time="13.63" classname="com.crm.qa.testcases.LoginPageTest"/>
</testsuite> <!-- Free CRM App test cases -->
