<?xml version="1.0" encoding="UTF-8"?>
<testng-results skipped="0" failed="0" ignored="0" total="11" passed="11">
  <reporter-output>
  </reporter-output>
  <suite name="Free CRM Application test Automation test suite" duration-ms="328194" started-at="2018-08-19T12:49:28Z" finished-at="2018-08-19T12:54:56Z">
    <groups>
    </groups>
    <test name="Free CRM App test cases" duration-ms="328194" started-at="2018-08-19T12:49:28Z" finished-at="2018-08-19T12:54:56Z">
      <class name="com.crm.qa.testcases.HomePageTest">
        <test-method status="PASS" signature="setUp()[pri:0, instance:com.crm.qa.testcases.HomePageTest@5f341870]" name="setUp" is-config="true" duration-ms="27065" started-at="2018-08-19T12:50:03Z" finished-at="2018-08-19T12:50:30Z">
          <reporter-output>
          </reporter-output>
        </test-method> <!-- setUp -->
        <test-method status="PASS" signature="verifyHomePageTitleTest()[pri:1, instance:com.crm.qa.testcases.HomePageTest@5f341870]" name="verifyHomePageTitleTest" duration-ms="15" started-at="2018-08-19T12:50:30Z" finished-at="2018-08-19T12:50:30Z">
          <reporter-output>
          </reporter-output>
        </test-method> <!-- verifyHomePageTitleTest -->
        <test-method status="PASS" signature="tearDown()[pri:0, instance:com.crm.qa.testcases.HomePageTest@5f341870]" name="tearDown" is-config="true" duration-ms="1731" started-at="2018-08-19T12:50:30Z" finished-at="2018-08-19T12:50:32Z">
          <reporter-output>
          </reporter-output>
        </test-method> <!-- tearDown -->
        <test-method status="PASS" signature="setUp()[pri:0, instance:com.crm.qa.testcases.HomePageTest@5f341870]" name="setUp" is-config="true" duration-ms="27317" started-at="2018-08-19T12:51:22Z" finished-at="2018-08-19T12:51:49Z">
          <reporter-output>
          </reporter-output>
        </test-method> <!-- setUp -->
        <test-method status="PASS" signature="verifyUserNameTest()[pri:2, instance:com.crm.qa.testcases.HomePageTest@5f341870]" name="verifyUserNameTest" duration-ms="75" started-at="2018-08-19T12:51:49Z" finished-at="2018-08-19T12:51:49Z">
          <reporter-output>
          </reporter-output>
        </test-method> <!-- verifyUserNameTest -->
        <test-method status="PASS" signature="tearDown()[pri:0, instance:com.crm.qa.testcases.HomePageTest@5f341870]" name="tearDown" is-config="true" duration-ms="1788" started-at="2018-08-19T12:51:49Z" finished-at="2018-08-19T12:51:51Z">
          <reporter-output>
          </reporter-output>
        </test-method> <!-- tearDown -->
        <test-method status="PASS" signature="setUp()[pri:0, instance:com.crm.qa.testcases.HomePageTest@5f341870]" name="setUp" is-config="true" duration-ms="30571" started-at="2018-08-19T12:53:52Z" finished-at="2018-08-19T12:54:23Z">
          <reporter-output>
          </reporter-output>
        </test-method> <!-- setUp -->
        <test-method status="PASS" signature="verifyContactsLinkTest()[pri:3, instance:com.crm.qa.testcases.HomePageTest@5f341870]" name="verifyContactsLinkTest" duration-ms="1312" started-at="2018-08-19T12:54:23Z" finished-at="2018-08-19T12:54:24Z">
          <reporter-output>
          </reporter-output>
        </test-method> <!-- verifyContactsLinkTest -->
        <test-method status="PASS" signature="tearDown()[pri:0, instance:com.crm.qa.testcases.HomePageTest@5f341870]" name="tearDown" is-config="true" duration-ms="1698" started-at="2018-08-19T12:54:24Z" finished-at="2018-08-19T12:54:26Z">
          <reporter-output>
          </reporter-output>
        </test-method> <!-- tearDown -->
      </class> <!-- com.crm.qa.testcases.HomePageTest -->
      <class name="com.crm.qa.testcases.ContactsPageTest">
        <test-method status="PASS" signature="setUp()[pri:0, instance:com.crm.qa.testcases.ContactsPageTest@14bf9759]" name="setUp" is-config="true" duration-ms="32872" started-at="2018-08-19T12:49:28Z" finished-at="2018-08-19T12:50:01Z">
          <reporter-output>
          </reporter-output>
        </test-method> <!-- setUp -->
        <test-method status="PASS" signature="verifyContactsPageLabel()[pri:1, instance:com.crm.qa.testcases.ContactsPageTest@14bf9759]" name="verifyContactsPageLabel" duration-ms="114" started-at="2018-08-19T12:50:01Z" finished-at="2018-08-19T12:50:01Z">
          <reporter-output>
          </reporter-output>
        </test-method> <!-- verifyContactsPageLabel -->
        <test-method status="PASS" signature="tearDown()[pri:0, instance:com.crm.qa.testcases.ContactsPageTest@14bf9759]" name="tearDown" is-config="true" duration-ms="2607" started-at="2018-08-19T12:50:01Z" finished-at="2018-08-19T12:50:03Z">
          <reporter-output>
          </reporter-output>
        </test-method> <!-- tearDown -->
        <test-method status="PASS" signature="setUp()[pri:0, instance:com.crm.qa.testcases.ContactsPageTest@14bf9759]" name="setUp" is-config="true" duration-ms="30766" started-at="2018-08-19T12:50:49Z" finished-at="2018-08-19T12:51:20Z">
          <reporter-output>
          </reporter-output>
        </test-method> <!-- setUp -->
        <test-method status="PASS" signature="SelectContactsTest()[pri:2, instance:com.crm.qa.testcases.ContactsPageTest@14bf9759]" name="SelectContactsTest" duration-ms="34" started-at="2018-08-19T12:51:20Z" finished-at="2018-08-19T12:51:20Z">
          <reporter-output>
          </reporter-output>
        </test-method> <!-- SelectContactsTest -->
        <test-method status="PASS" signature="tearDown()[pri:0, instance:com.crm.qa.testcases.ContactsPageTest@14bf9759]" name="tearDown" is-config="true" duration-ms="1825" started-at="2018-08-19T12:51:20Z" finished-at="2018-08-19T12:51:22Z">
          <reporter-output>
          </reporter-output>
        </test-method> <!-- tearDown -->
        <test-method status="PASS" signature="setUp()[pri:0, instance:com.crm.qa.testcases.ContactsPageTest@14bf9759]" name="setUp" is-config="true" duration-ms="29512" started-at="2018-08-19T12:52:08Z" finished-at="2018-08-19T12:52:37Z">
          <reporter-output>
          </reporter-output>
        </test-method> <!-- setUp -->
        <test-method status="PASS" signature="validateCreateNewContact(java.lang.String, java.lang.String, java.lang.String, java.lang.String)[pri:3, instance:com.crm.qa.testcases.ContactsPageTest@14bf9759]" name="validateCreateNewContact" duration-ms="4932" started-at="2018-08-19T12:52:37Z" data-provider="getCRMTestData" finished-at="2018-08-19T12:52:42Z">
          <params>
            <param index="0">
              <value>
                <![CDATA[Mr.]]>
              </value>
            </param>
            <param index="1">
              <value>
                <![CDATA[steve]]>
              </value>
            </param>
            <param index="2">
              <value>
                <![CDATA[jobs]]>
              </value>
            </param>
            <param index="3">
              <value>
                <![CDATA[apple]]>
              </value>
            </param>
          </params>
          <reporter-output>
          </reporter-output>
        </test-method> <!-- validateCreateNewContact -->
        <test-method status="PASS" signature="tearDown()[pri:0, instance:com.crm.qa.testcases.ContactsPageTest@14bf9759]" name="tearDown" is-config="true" duration-ms="2788" started-at="2018-08-19T12:52:42Z" finished-at="2018-08-19T12:52:45Z">
          <reporter-output>
          </reporter-output>
        </test-method> <!-- tearDown -->
        <test-method status="PASS" signature="setUp()[pri:0, instance:com.crm.qa.testcases.ContactsPageTest@14bf9759]" name="setUp" is-config="true" duration-ms="28812" started-at="2018-08-19T12:52:45Z" finished-at="2018-08-19T12:53:14Z">
          <reporter-output>
          </reporter-output>
        </test-method> <!-- setUp -->
        <test-method status="PASS" signature="validateCreateNewContact(java.lang.String, java.lang.String, java.lang.String, java.lang.String)[pri:3, instance:com.crm.qa.testcases.ContactsPageTest@14bf9759]" name="validateCreateNewContact" duration-ms="3820" started-at="2018-08-19T12:53:14Z" data-provider="getCRMTestData" finished-at="2018-08-19T12:53:18Z">
          <params>
            <param index="0">
              <value>
                <![CDATA[Dr.]]>
              </value>
            </param>
            <param index="1">
              <value>
                <![CDATA[amit]]>
              </value>
            </param>
            <param index="2">
              <value>
                <![CDATA[tripathi]]>
              </value>
            </param>
            <param index="3">
              <value>
                <![CDATA[tmh]]>
              </value>
            </param>
          </params>
          <reporter-output>
          </reporter-output>
        </test-method> <!-- validateCreateNewContact -->
        <test-method status="PASS" signature="tearDown()[pri:0, instance:com.crm.qa.testcases.ContactsPageTest@14bf9759]" name="tearDown" is-config="true" duration-ms="1753" started-at="2018-08-19T12:53:18Z" finished-at="2018-08-19T12:53:20Z">
          <reporter-output>
          </reporter-output>
        </test-method> <!-- tearDown -->
        <test-method status="PASS" signature="setUp()[pri:0, instance:com.crm.qa.testcases.ContactsPageTest@14bf9759]" name="setUp" is-config="true" duration-ms="26835" started-at="2018-08-19T12:53:20Z" finished-at="2018-08-19T12:53:46Z">
          <reporter-output>
          </reporter-output>
        </test-method> <!-- setUp -->
        <test-method status="PASS" signature="validateCreateNewContact(java.lang.String, java.lang.String, java.lang.String, java.lang.String)[pri:3, instance:com.crm.qa.testcases.ContactsPageTest@14bf9759]" name="validateCreateNewContact" duration-ms="3901" started-at="2018-08-19T12:53:46Z" data-provider="getCRMTestData" finished-at="2018-08-19T12:53:50Z">
          <params>
            <param index="0">
              <value>
                <![CDATA[Mrs.]]>
              </value>
            </param>
            <param index="1">
              <value>
                <![CDATA[meera]]>
              </value>
            </param>
            <param index="2">
              <value>
                <![CDATA[nui]]>
              </value>
            </param>
            <param index="3">
              <value>
                <![CDATA[pepsi]]>
              </value>
            </param>
          </params>
          <reporter-output>
          </reporter-output>
        </test-method> <!-- validateCreateNewContact -->
        <test-method status="PASS" signature="tearDown()[pri:0, instance:com.crm.qa.testcases.ContactsPageTest@14bf9759]" name="tearDown" is-config="true" duration-ms="1643" started-at="2018-08-19T12:53:50Z" finished-at="2018-08-19T12:53:52Z">
          <reporter-output>
          </reporter-output>
        </test-method> <!-- tearDown -->
      </class> <!-- com.crm.qa.testcases.ContactsPageTest -->
      <class name="com.crm.qa.testcases.LoginPageTest">
        <test-method status="PASS" signature="setUp()[pri:0, instance:com.crm.qa.testcases.LoginPageTest@553f17c]" name="setUp" is-config="true" duration-ms="15123" started-at="2018-08-19T12:50:32Z" finished-at="2018-08-19T12:50:47Z">
          <reporter-output>
          </reporter-output>
        </test-method> <!-- setUp -->
        <test-method status="PASS" signature="LOginPageTitleTest()[pri:1, instance:com.crm.qa.testcases.LoginPageTest@553f17c]" name="LOginPageTitleTest" duration-ms="8" started-at="2018-08-19T12:50:47Z" finished-at="2018-08-19T12:50:47Z">
          <reporter-output>
          </reporter-output>
        </test-method> <!-- LOginPageTitleTest -->
        <test-method status="PASS" signature="tearDown()[pri:0, instance:com.crm.qa.testcases.LoginPageTest@553f17c]" name="tearDown" is-config="true" duration-ms="2057" started-at="2018-08-19T12:50:47Z" finished-at="2018-08-19T12:50:49Z">
          <reporter-output>
          </reporter-output>
        </test-method> <!-- tearDown -->
        <test-method status="PASS" signature="setUp()[pri:0, instance:com.crm.qa.testcases.LoginPageTest@553f17c]" name="setUp" is-config="true" duration-ms="14046" started-at="2018-08-19T12:51:51Z" finished-at="2018-08-19T12:52:05Z">
          <reporter-output>
          </reporter-output>
        </test-method> <!-- setUp -->
        <test-method status="PASS" signature="CrmLogoImageTest()[pri:2, instance:com.crm.qa.testcases.LoginPageTest@553f17c]" name="CrmLogoImageTest" duration-ms="86" started-at="2018-08-19T12:52:05Z" finished-at="2018-08-19T12:52:05Z">
          <reporter-output>
          </reporter-output>
        </test-method> <!-- CrmLogoImageTest -->
        <test-method status="PASS" signature="tearDown()[pri:0, instance:com.crm.qa.testcases.LoginPageTest@553f17c]" name="tearDown" is-config="true" duration-ms="1894" started-at="2018-08-19T12:52:05Z" finished-at="2018-08-19T12:52:07Z">
          <reporter-output>
          </reporter-output>
        </test-method> <!-- tearDown -->
        <test-method status="PASS" signature="setUp()[pri:0, instance:com.crm.qa.testcases.LoginPageTest@553f17c]" name="setUp" is-config="true" duration-ms="14919" started-at="2018-08-19T12:54:26Z" finished-at="2018-08-19T12:54:40Z">
          <reporter-output>
          </reporter-output>
        </test-method> <!-- setUp -->
        <test-method status="PASS" signature="LoginTest()[pri:3, instance:com.crm.qa.testcases.LoginPageTest@553f17c]" name="LoginTest" duration-ms="13630" started-at="2018-08-19T12:54:40Z" finished-at="2018-08-19T12:54:54Z">
          <reporter-output>
          </reporter-output>
        </test-method> <!-- LoginTest -->
        <test-method status="PASS" signature="tearDown()[pri:0, instance:com.crm.qa.testcases.LoginPageTest@553f17c]" name="tearDown" is-config="true" duration-ms="1838" started-at="2018-08-19T12:54:54Z" finished-at="2018-08-19T12:54:56Z">
          <reporter-output>
          </reporter-output>
        </test-method> <!-- tearDown -->
      </class> <!-- com.crm.qa.testcases.LoginPageTest -->
    </test> <!-- Free CRM App test cases -->
  </suite> <!-- Free CRM Application test Automation test suite -->
</testng-results>
